e:\c++\projects\task_1_arg_parse\task_1_arg_parse\x64\debug\vc143.pdb
e:\c++\projects\task_1_arg_parse\task_1_arg_parse\x64\debug\vc143.idb
e:\c++\projects\task_1_arg_parse\task_1_arg_parse\x64\debug\main.obj
e:\c++\projects\task_1_arg_parse\task_1_arg_parse\x64\debug\emptyarg.obj
e:\c++\projects\task_1_arg_parse\task_1_arg_parse\x64\debug\boolarg.obj
e:\c++\projects\task_1_arg_parse\task_1_arg_parse\x64\debug\arg.obj
e:\c++\projects\task_1_arg_parse\task_1_arg_parse\x64\debug\stringarg.obj
e:\c++\projects\task_1_arg_parse\task_1_arg_parse\x64\debug\intarg.obj
e:\c++\projects\task_1_arg_parse\task_1_arg_parse\x64\debug\argparser.obj
e:\c++\projects\task_1_arg_parse\task_1_arg_parse\x64\debug\argumenttype.obj
e:\c++\projects\task_1_arg_parse\x64\debug\task_1_arg_parse.exe
e:\c++\projects\task_1_arg_parse\x64\debug\task_1_arg_parse.pdb
e:\c++\projects\task_1_arg_parse\task_1_arg_parse\x64\debug\task_1_arg_parse.ilk
e:\c++\projects\task_1_arg_parse\task_1_arg_parse\x64\debug\task_1_arg_parse.tlog\cl.command.1.tlog
e:\c++\projects\task_1_arg_parse\task_1_arg_parse\x64\debug\task_1_arg_parse.tlog\cl.items.tlog
e:\c++\projects\task_1_arg_parse\task_1_arg_parse\x64\debug\task_1_arg_parse.tlog\cl.read.1.tlog
e:\c++\projects\task_1_arg_parse\task_1_arg_parse\x64\debug\task_1_arg_parse.tlog\cl.write.1.tlog
e:\c++\projects\task_1_arg_parse\task_1_arg_parse\x64\debug\task_1_arg_parse.tlog\link.command.1.tlog
e:\c++\projects\task_1_arg_parse\task_1_arg_parse\x64\debug\task_1_arg_parse.tlog\link.read.1.tlog
e:\c++\projects\task_1_arg_parse\task_1_arg_parse\x64\debug\task_1_arg_parse.tlog\link.secondary.1.tlog
e:\c++\projects\task_1_arg_parse\task_1_arg_parse\x64\debug\task_1_arg_parse.tlog\link.write.1.tlog
